*******************************************************************
* Genome-wide Complex Trait Analysis (GCTA)
* version 1.93.2 beta Linux
* (C) 2010-present, Jian Yang, The University of Queensland
* Please report bugs to Jian Yang <jian.yang.qt@gmail.com>
*******************************************************************
Analysis started at 19:40:18 CST on Wed Feb 15 2023.
Hostname: ahl02

Options: 
 
--grm /home/saonli/cao00094/MRdata/ukb/LD01/allkeepCPDLD 
--grm-cutoff 0.05 
--make-grm 
--out /home/saonli/cao00094/MRdata/ukb/LD01/allkeepCPDLD0.05 

Pruning the GRM with a cutoff of 0.050000...
Total number of parts to proceed: 1
    Processing part 1
After pruning the GRM, there are 2802 individuals (402 individuals removed).
    Pruned unrelated IDs have been saved to /home/saonli/cao00094/MRdata/ukb/LD01/allkeepCPDLD0.05.grm.id
Pruning GRM values, total parts 1
    Processing part 1
    GRM values has been saved to [/home/saonli/cao00094/MRdata/ukb/LD01/allkeepCPDLD0.05.grm.bin]
Pruning number of SNPs to calculate GRM, total parts 1
    Processing part 1
    Number of SNPs has been saved to [/home/saonli/cao00094/MRdata/ukb/LD01/allkeepCPDLD0.05.grm.N.bin]

Analysis finished at 19:40:18 CST on Wed Feb 15 2023
Overall computational time: 0.42 sec.
